2024-07-16 04:36:33.352 [info] Extension host with pid 37791 started
2024-07-16 04:36:33.485 [info] ExtensionService#_doActivateExtension vscode.emmet, startup: false, activationEvent: 'onLanguage'
2024-07-16 04:36:33.558 [info] ExtensionService#_doActivateExtension vscode.git-base, startup: true, activationEvent: '*'
2024-07-16 04:36:33.657 [info] ExtensionService#_doActivateExtension vscode.github, startup: true, activationEvent: '*'
2024-07-16 04:36:33.717 [info] Eager extensions activated
2024-07-16 04:36:33.751 [info] ExtensionService#_doActivateExtension vscode.debug-auto-launch, startup: false, activationEvent: 'onStartupFinished'
2024-07-16 04:36:33.753 [info] ExtensionService#_doActivateExtension vscode.merge-conflict, startup: false, activationEvent: 'onStartupFinished'
2024-07-16 04:36:51.217 [info] Extension host terminating: renderer closed the MessagePort
2024-07-16 04:36:51.224 [info] Extension host with pid 37791 exiting with code 0
2024-07-16 04:36:52.129 [info] Extension host with pid 38170 started
2024-07-16 04:36:52.129 [info] Skipping acquiring lock for /root/Desktop/aws-iac-03-cdk-cloudfront/exercises/cdk/User/workspaceStorage/48291f58be975347f71de2ed75ea438e.
2024-07-16 04:36:52.180 [info] ExtensionService#_doActivateExtension vscode.git-base, startup: true, activationEvent: '*'
2024-07-16 04:36:52.189 [info] ExtensionService#_doActivateExtension vscode.github, startup: true, activationEvent: '*'
2024-07-16 04:36:52.208 [info] Eager extensions activated
2024-07-16 04:36:52.244 [info] ExtensionService#_doActivateExtension vscode.debug-auto-launch, startup: false, activationEvent: 'onStartupFinished'
2024-07-16 04:36:52.245 [info] ExtensionService#_doActivateExtension vscode.merge-conflict, startup: false, activationEvent: 'onStartupFinished'
2024-07-16 04:36:55.103 [info] ExtensionService#_doActivateExtension vscode.git, startup: false, activationEvent: 'api', root cause: vscode.github
2024-07-16 04:37:02.533 [info] ExtensionService#_doActivateExtension vscode.typescript-language-features, startup: false, activationEvent: 'onLanguage:typescript'
2024-07-16 04:37:02.607 [info] ExtensionService#_doActivateExtension vscode.emmet, startup: false, activationEvent: 'onLanguage'
2024-07-16 05:08:00.479 [info] ExtensionService#_doActivateExtension vscode.json-language-features, startup: false, activationEvent: 'onLanguage:jsonc'
