2024-07-25 04:42:21.960 [info] Added views:workbench.panel.markers.view in workbench.panel.markers
2024-07-25 04:42:21.960 [info] Added views:workbench.panel.output in workbench.panel.output
2024-07-25 04:42:21.960 [info] Added views:terminal in terminal
2024-07-25 04:42:21.960 [info] Added views:outline in workbench.view.explorer
2024-07-25 04:42:21.960 [info] Added views:workbench.scm in workbench.view.scm
2024-07-25 04:42:21.960 [info] Added views:workbench.view.search in workbench.view.search
2024-07-25 04:42:21.960 [info] Added views:timeline in workbench.view.explorer
2024-07-25 04:42:21.960 [info] Added views:workbench.explorer.emptyView in workbench.view.explorer
2024-07-25 04:42:22.167 [info] Added views:workbench.debug.variablesView,workbench.debug.watchExpressionsView,workbench.debug.callStackView,workbench.debug.breakPointsView in workbench.view.debug
2024-07-25 04:42:22.697 [info] Added views:workbench.panel.repl.view in workbench.panel.repl
2024-07-25 04:42:22.699 [info] Removed views:workbench.debug.breakPointsView,workbench.debug.callStackView,workbench.debug.watchExpressionsView,workbench.debug.variablesView from workbench.view.debug
2024-07-25 04:42:22.700 [info] Added views:workbench.debug.welcome in workbench.view.debug
2024-07-25 04:42:22.976 [info] Added views:~remote.forwardedPorts in ~remote.forwardedPortsContainer
2024-07-25 04:43:08.334 [info] Added views:workbench.panel.markers.view in workbench.panel.markers
2024-07-25 04:43:08.334 [info] Added views:workbench.panel.output in workbench.panel.output
2024-07-25 04:43:08.334 [info] Added views:terminal in terminal
2024-07-25 04:43:08.334 [info] Added views:outline in workbench.view.explorer
2024-07-25 04:43:08.334 [info] Added views:workbench.scm in workbench.view.scm
2024-07-25 04:43:08.334 [info] Added views:workbench.view.search in workbench.view.search
2024-07-25 04:43:08.334 [info] Added views:timeline in workbench.view.explorer
2024-07-25 04:43:08.334 [info] Added views:workbench.explorer.fileView in workbench.view.explorer
2024-07-25 04:43:08.690 [info] Added views:workbench.debug.variablesView,workbench.debug.watchExpressionsView,workbench.debug.callStackView,workbench.debug.breakPointsView in workbench.view.debug
2024-07-25 04:43:08.727 [info] Added views:workbench.panel.repl.view in workbench.panel.repl
2024-07-25 04:43:08.730 [info] Removed views:workbench.debug.breakPointsView,workbench.debug.callStackView,workbench.debug.watchExpressionsView,workbench.debug.variablesView from workbench.view.debug
2024-07-25 04:43:08.730 [info] Added views:workbench.debug.welcome in workbench.view.debug
2024-07-25 04:43:08.837 [info] Added views:~remote.forwardedPorts in ~remote.forwardedPortsContainer
2024-07-25 05:04:15.123 [info] Added views:workbench.panel.markers.view in workbench.panel.markers
2024-07-25 05:04:15.123 [info] Added views:workbench.panel.output in workbench.panel.output
2024-07-25 05:04:15.123 [info] Added views:terminal in terminal
2024-07-25 05:04:15.123 [info] Added views:outline in workbench.view.explorer
2024-07-25 05:04:15.123 [info] Added views:workbench.scm in workbench.view.scm
2024-07-25 05:04:15.123 [info] Added views:workbench.view.search in workbench.view.search
2024-07-25 05:04:15.123 [info] Added views:timeline in workbench.view.explorer
2024-07-25 05:04:15.123 [info] Added views:workbench.explorer.fileView in workbench.view.explorer
2024-07-25 05:04:15.487 [info] Added views:workbench.debug.variablesView,workbench.debug.watchExpressionsView,workbench.debug.callStackView,workbench.debug.breakPointsView in workbench.view.debug
2024-07-25 05:04:15.514 [info] Added views:workbench.panel.repl.view in workbench.panel.repl
2024-07-25 05:04:15.514 [info] Removed views:workbench.debug.breakPointsView,workbench.debug.callStackView,workbench.debug.watchExpressionsView,workbench.debug.variablesView from workbench.view.debug
2024-07-25 05:04:15.515 [info] Added views:workbench.debug.welcome in workbench.view.debug
2024-07-25 05:04:15.653 [info] Added views:~remote.forwardedPorts in ~remote.forwardedPortsContainer
